<?xml version="1.0" encoding="UTF-8"?>
<!-- Generated by org.testng.reporters.JUnitXMLReporter -->
<testsuite hostname="APPLEs-iMac.local" name="Test" tests="1" failures="1" timestamp="19 Jun 2018 13:26:24 GMT" time="183.872" errors="0">
  <testcase name="runTest" time="183.631" classname="Android.Practice.twcAppLaunch">
    <failure type="org.openqa.selenium.WebDriverException" message="An unknown server-side error occurred while processing the command. Original error: Could not proxy. Proxy error: Could not proxy command to remote server. Original error: 404 - undefined (WARNING: The server did not provide any stacktrace information)
Command duration or timeout: 111 milliseconds
Build info: version: &amp;apos;2.51.0&amp;apos;, revision: &amp;apos;1af067dbcaedd7d2ab9af5151fc471d363d97193&amp;apos;, time: &amp;apos;2016-02-05 11:20:57&amp;apos;
System info: host: &amp;apos;APPLEs-iMac.local&amp;apos;, ip: &amp;apos;169.254.3.194&amp;apos;, os.name: &amp;apos;Mac OS X&amp;apos;, os.arch: &amp;apos;x86_64&amp;apos;, os.version: &amp;apos;10.13.4&amp;apos;, java.version: &amp;apos;1.8.0_151&amp;apos;
Driver info: io.appium.java_client.android.AndroidDriver
Capabilities [{appPackage=com.weather.Weather, appActivity=com.weather.Weather.app.SplashScreenActivity, app=/Users/apple/Downloads/app_google_universal_release_812010105.apk, noReset=true, platformVersion=8.0.0, automationName=UiAutomator2, platformName=Android, deviceName=Samsung, platform=ANY}]
Session ID: 0d08c8f1-b01e-48e8-b286-6b39657de70c">
      <![CDATA[org.openqa.selenium.WebDriverException: An unknown server-side error occurred while processing the command. Original error: Could not proxy. Proxy error: Could not proxy command to remote server. Original error: 404 - undefined (WARNING: The server did not provide any stacktrace information)
Command duration or timeout: 111 milliseconds
Build info: version: '2.51.0', revision: '1af067dbcaedd7d2ab9af5151fc471d363d97193', time: '2016-02-05 11:20:57'
System info: host: 'APPLEs-iMac.local', ip: '169.254.3.194', os.name: 'Mac OS X', os.arch: 'x86_64', os.version: '10.13.4', java.version: '1.8.0_151'
Driver info: io.appium.java_client.android.AndroidDriver
Capabilities [{appPackage=com.weather.Weather, appActivity=com.weather.Weather.app.SplashScreenActivity, app=/Users/apple/Downloads/app_google_universal_release_812010105.apk, noReset=true, platformVersion=8.0.0, automationName=UiAutomator2, platformName=Android, deviceName=Samsung, platform=ANY}]
Session ID: 0d08c8f1-b01e-48e8-b286-6b39657de70c
	at org.openqa.selenium.remote.ErrorHandler.createThrowable(ErrorHandler.java:206)
	at org.openqa.selenium.remote.ErrorHandler.throwIfResponseFailed(ErrorHandler.java:158)
	at org.openqa.selenium.remote.RemoteWebDriver.execute(RemoteWebDriver.java:678)
	at io.appium.java_client.DefaultGenericMobileDriver.execute(DefaultGenericMobileDriver.java:42)
	at io.appium.java_client.AppiumDriver.execute(AppiumDriver.java:189)
	at org.openqa.selenium.remote.RemoteWebDriver.close(RemoteWebDriver.java:521)
	at Android.Practice.twcAppLaunch.runTest(twcAppLaunch.java:134)
... Removed 34 stack frames]]>
    </failure>
  </testcase> <!-- runTest -->
</testsuite> <!-- Test -->
