<?xml version="1.0" encoding="UTF-8"?>
<testng-results skipped="0" failed="0" total="0" passed="0">
  <reporter-output>
  </reporter-output>
  <suite name="Android.Practice.AppTest" duration-ms="4" started-at="2018-06-13T11:33:48Z" finished-at="2018-06-13T11:33:48Z">
    <groups>
    </groups>
    <test name="Command line test" duration-ms="4" started-at="2018-06-13T11:33:48Z" finished-at="2018-06-13T11:33:48Z">
    </test> <!-- Command line test -->
  </suite> <!-- Android.Practice.AppTest -->
</testng-results>
